<?xml version="1.0" encoding="UTF-8"?>
<!-- Generated by org.testng.reporters.JUnitReportReporter -->
<testsuite hostname="DESKTOP-83Q53UN" failures="0" tests="1" name="run.test1" time="0.007" errors="0" timestamp="2023-07-02T10:31:58 IST" skipped="0">
  <testcase classname="run.test1" name="test" time="0.007"/>
</testsuite> <!-- run.test1 -->
