<?xml version="1.0" encoding="UTF-8"?>
<!-- Generated by org.testng.reporters.JUnitReportReporter -->
<testsuite hostname="DESKTOP-83Q53UN" failures="0" tests="2" name="run.laa" time="0.010" errors="0" timestamp="2023-07-02T10:51:57 IST" skipped="1">
  <testcase classname="run.laa" name="hi" time="0.010"/>
  <testcase classname="run.laa" name="bye">
    <skipped/>
  </testcase> <!-- bye -->
</testsuite> <!-- run.laa -->
